[MainThread] - 2020-03-15 22:20:13,016 - GoogleScraper.core - INFO - Going to scrape 1 keywords with 1 proxies by using 1 threads.
[MainThread] - 2020-03-15 22:20:20,552 - GoogleScraper.scraping - INFO - [+] GoogleSelScrape[localhost][search-type:normal][https://www.google.com/search?] using search engine "google". Num keywords=1, num pages for keyword=[1]
[MainThread] - 2020-03-15 22:20:49,608 - discord.client - INFO - Received signal to terminate bot and event loop.
[MainThread] - 2020-03-15 22:20:49,608 - discord.client - INFO - Cleaning up tasks.
[MainThread] - 2020-03-15 22:20:49,609 - discord.client - INFO - Cleaning up after 4 tasks.
[MainThread] - 2020-03-15 22:20:49,807 - discord.client - INFO - Closing the event loop.
[MainThread] - 2020-03-15 22:20:58,224 - GoogleScraper.core - INFO - Going to scrape 1 keywords with 1 proxies by using 1 threads.
[MainThread] - 2020-03-15 22:20:58,225 - GoogleScraper.scraping - INFO - [+] GoogleSelScrape[localhost][search-type:normal][https://www.google.com/search?] using search engine "google". Num keywords=1, num pages for keyword=[1]
[MainThread] - 2020-03-15 22:22:50,712 - discord.client - INFO - Received signal to terminate bot and event loop.
[MainThread] - 2020-03-15 22:22:50,712 - discord.client - INFO - Cleaning up tasks.
[MainThread] - 2020-03-15 22:22:50,712 - discord.client - INFO - Cleaning up after 4 tasks.
[MainThread] - 2020-03-15 22:22:50,927 - discord.client - INFO - Closing the event loop.
[MainThread] - 2020-03-15 22:26:03,059 - GoogleScraper.core - INFO - Going to scrape 1 keywords with 1 proxies by using 1 threads.
[MainThread] - 2020-03-15 22:26:03,061 - GoogleScraper.scraping - INFO - [+] GoogleSelScrape[localhost][search-type:normal][https://www.google.com/search?] using search engine "google". Num keywords=1, num pages for keyword=[1]
[MainThread] - 2020-03-15 22:26:51,064 - discord.client - INFO - Received signal to terminate bot and event loop.
[MainThread] - 2020-03-15 22:26:51,065 - discord.client - INFO - Cleaning up tasks.
[MainThread] - 2020-03-15 22:26:51,065 - discord.client - INFO - Cleaning up after 4 tasks.
[MainThread] - 2020-03-15 22:26:51,232 - discord.client - INFO - Closing the event loop.
[MainThread] - 2020-03-15 22:26:59,158 - GoogleScraper.core - INFO - Going to scrape 1 keywords with 1 proxies by using 1 threads.
[MainThread] - 2020-03-15 22:26:59,160 - GoogleScraper.scraping - INFO - [+] GoogleSelScrape[localhost][search-type:normal][https://www.google.com/search?] using search engine "google". Num keywords=1, num pages for keyword=[1]
[MainThread] - 2020-03-15 22:28:49,535 - discord.client - INFO - Received signal to terminate bot and event loop.
[MainThread] - 2020-03-15 22:28:49,535 - discord.client - INFO - Cleaning up tasks.
[MainThread] - 2020-03-15 22:28:49,536 - discord.client - INFO - Cleaning up after 4 tasks.
[MainThread] - 2020-03-15 22:28:49,774 - discord.client - INFO - Closing the event loop.
[MainThread] - 2020-03-15 22:30:55,442 - GoogleScraper.core - INFO - Going to scrape 1 keywords with 1 proxies by using 1 threads.
[MainThread] - 2020-03-15 22:30:55,443 - GoogleScraper.scraping - INFO - [+] HttpScrape[localhost][search-type:normal][https://www.google.com/search?] using search engine "google". Num keywords=1, num pages for keyword=[1]
[Thread-3] - 2020-03-15 22:31:21,452 - GoogleScraper.scraping - INFO - [HttpScrape-google][localhost]]Keyword: "a" with [1] pages, slept 26 seconds before scraping. 1/1 already scraped.
[MainThread] - 2020-03-15 22:33:51,688 - discord.client - INFO - Received signal to terminate bot and event loop.
[MainThread] - 2020-03-15 22:33:51,688 - discord.client - INFO - Cleaning up tasks.
[MainThread] - 2020-03-15 22:33:51,689 - discord.client - INFO - Cleaning up after 4 tasks.
[MainThread] - 2020-03-15 22:33:51,895 - discord.client - INFO - Closing the event loop.
[MainThread] - 2020-03-15 22:34:05,356 - GoogleScraper.caching - INFO - 0 cache files found in .scrapecache/
[MainThread] - 2020-03-15 22:34:05,356 - GoogleScraper.caching - INFO - 0/1 objects have been read from the cache. 1 remain to get scraped.
[MainThread] - 2020-03-15 22:34:05,366 - GoogleScraper.core - INFO - Going to scrape 1 keywords with 1 proxies by using 1 threads.
[MainThread] - 2020-03-15 22:34:05,367 - GoogleScraper.scraping - INFO - [+] GoogleSelScrape[localhost][search-type:image][https://www.google.com/search?] using search engine "google". Num keywords=1, num pages for keyword=[1]
[MainThread] - 2020-03-15 22:39:03,992 - GoogleScraper.caching - INFO - 0 cache files found in .scrapecache/
[MainThread] - 2020-03-15 22:39:03,993 - GoogleScraper.caching - INFO - 0/1 objects have been read from the cache. 1 remain to get scraped.
[MainThread] - 2020-03-15 22:39:04,000 - GoogleScraper.core - INFO - Going to scrape 1 keywords with 1 proxies by using 1 threads.
[MainThread] - 2020-03-15 22:39:04,005 - GoogleScraper.scraping - INFO - [+] GoogleSelScrape[localhost][search-type:image][https://www.google.com/search?] using search engine "google". Num keywords=1, num pages for keyword=[1]
[MainThread] - 2020-03-15 22:41:58,856 - discord.client - INFO - Received signal to terminate bot and event loop.
[MainThread] - 2020-03-15 22:41:58,856 - discord.client - INFO - Cleaning up tasks.
[MainThread] - 2020-03-15 22:41:58,857 - discord.client - INFO - Cleaning up after 4 tasks.
[MainThread] - 2020-03-15 22:41:59,128 - discord.client - INFO - Closing the event loop.
[MainThread] - 2020-03-15 22:42:22,765 - GoogleScraper.caching - INFO - 0 cache files found in .scrapecache/
[MainThread] - 2020-03-15 22:42:22,766 - GoogleScraper.caching - INFO - 0/1 objects have been read from the cache. 1 remain to get scraped.
[MainThread] - 2020-03-15 22:42:22,776 - GoogleScraper.core - INFO - Going to scrape 1 keywords with 1 proxies by using 1 threads.
[MainThread] - 2020-03-15 22:42:22,778 - GoogleScraper.scraping - INFO - [+] GoogleSelScrape[localhost][search-type:image][https://www.google.com/search?] using search engine "google". Num keywords=1, num pages for keyword=[1]
[MainThread] - 2020-03-15 22:50:42,862 - GoogleScraper.caching - INFO - 0 cache files found in .scrapecache/
[MainThread] - 2020-03-15 22:50:42,862 - GoogleScraper.caching - INFO - 0/1 objects have been read from the cache. 1 remain to get scraped.
[MainThread] - 2020-03-15 22:50:42,871 - GoogleScraper.core - INFO - Going to scrape 1 keywords with 1 proxies by using 1 threads.
[MainThread] - 2020-03-15 22:50:42,877 - GoogleScraper.scraping - INFO - [+] GoogleSelScrape[localhost][search-type:image][https://www.google.com/search?] using search engine "google". Num keywords=1, num pages for keyword=[1]
[MainThread] - 2020-03-15 22:52:15,515 - GoogleScraper.caching - INFO - 0 cache files found in .scrapecache/
[MainThread] - 2020-03-15 22:52:15,515 - GoogleScraper.caching - INFO - 0/1 objects have been read from the cache. 1 remain to get scraped.
[MainThread] - 2020-03-15 22:52:15,523 - GoogleScraper.core - INFO - Going to scrape 1 keywords with 1 proxies by using 1 threads.
[MainThread] - 2020-03-15 22:52:15,528 - GoogleScraper.scraping - INFO - [+] GoogleSelScrape[localhost][search-type:image][https://www.google.com/search?] using search engine "google". Num keywords=1, num pages for keyword=[1]
[MainThread] - 2020-03-15 23:00:10,663 - GoogleScraper.caching - INFO - 0 cache files found in .scrapecache/
[MainThread] - 2020-03-15 23:00:10,664 - GoogleScraper.caching - INFO - 0/1 objects have been read from the cache. 1 remain to get scraped.
[MainThread] - 2020-03-15 23:00:10,671 - GoogleScraper.core - INFO - Going to scrape 1 keywords with 1 proxies by using 1 threads.
[MainThread] - 2020-03-15 23:00:10,715 - GoogleScraper.scraping - INFO - [+] GoogleSelScrape[localhost][search-type:image][https://www.google.com/search?] using search engine "google". Num keywords=1, num pages for keyword=[1]
[Thread-3] - 2020-03-15 23:00:29,028 - GoogleScraper.selenium_mode - ERROR - Thread-3: TimeoutException waiting for search input field: Message: 

[MainThread] - 2020-03-15 23:19:11,365 - discord.client - INFO - Received signal to terminate bot and event loop.
[MainThread] - 2020-03-15 23:19:11,367 - discord.client - INFO - Cleaning up tasks.
[MainThread] - 2020-03-15 23:19:11,372 - discord.client - INFO - Cleaning up after 4 tasks.
[MainThread] - 2020-03-15 23:19:11,669 - discord.client - INFO - Closing the event loop.
[MainThread] - 2020-03-15 23:19:28,455 - GoogleScraper.caching - INFO - 0 cache files found in .scrapecache/
[MainThread] - 2020-03-15 23:19:28,455 - GoogleScraper.caching - INFO - 0/1 objects have been read from the cache. 1 remain to get scraped.
[MainThread] - 2020-03-15 23:19:28,464 - GoogleScraper.core - INFO - Going to scrape 1 keywords with 1 proxies by using 1 threads.
[MainThread] - 2020-03-15 23:19:28,472 - GoogleScraper.scraping - INFO - [+] SelScrape[localhost][search-type:image][http://www.bing.com/search?] using search engine "bing". Num keywords=1, num pages for keyword=[1]
[Thread-3] - 2020-03-15 23:19:40,169 - GoogleScraper.scraping - INFO - [SelScrape-bing][localhost]]Keyword: "a" with [1] pages, slept 1 seconds before scraping. 1/1 already scraped.
[MainThread] - 2020-03-15 23:30:24,775 - discord.client - INFO - Received signal to terminate bot and event loop.
[MainThread] - 2020-03-15 23:30:24,775 - discord.client - INFO - Cleaning up tasks.
[MainThread] - 2020-03-15 23:30:24,775 - discord.client - INFO - Cleaning up after 4 tasks.
[MainThread] - 2020-03-15 23:30:25,031 - discord.client - INFO - Closing the event loop.
